<?xml version="1.0" encoding="UTF-8"?>
<testng-results ignored="0" total="2" passed="2" failed="0" skipped="0">
  <reporter-output>
  </reporter-output>
  <suite started-at="2026-02-06T02:54:05 IST" name="Default suite" finished-at="2026-02-06T02:54:05 IST" duration-ms="59">
    <groups>
    </groups>
    <test started-at="2026-02-06T02:54:05 IST" name="Default test" finished-at="2026-02-06T02:54:05 IST" duration-ms="59">
      <class name="projects.basics">
        <test-method signature="demo01()[pri:0, instance:projects.basics@478190fc]" started-at="2026-02-06T02:54:05 IST" name="demo01" finished-at="2026-02-06T02:54:05 IST" duration-ms="12" status="PASS">
          <reporter-output>
          </reporter-output>
        </test-method> <!-- demo01 -->
        <test-method signature="demo02()[pri:0, instance:projects.basics@478190fc]" started-at="2026-02-06T02:54:05 IST" name="demo02" finished-at="2026-02-06T02:54:05 IST" duration-ms="2" status="PASS">
          <reporter-output>
          </reporter-output>
        </test-method> <!-- demo02 -->
      </class> <!-- projects.basics -->
    </test> <!-- Default test -->
  </suite> <!-- Default suite -->
</testng-results>
